# JRE version: OpenJDK Runtime Environment (17.0.6) (build 17.0.6+0-b2043.56-9586694)
# Java VM: OpenJDK 64-Bit Server VM (17.0.6+0-b2043.56-9586694, mixed mode, tiered, compressed oops, compressed class ptrs, g1 gc, windows-amd64)
GC Precious Log:
 CPUs: 8 total, 8 available
 Memory: 6021M
 Large Page Support: Disabled
 NUMA Support: Disabled
 Compressed Oops: Enabled (32-bit)
 Heap Region Size: 1M
 Heap Min Capacity: 8M
 Heap Initial Capacity: 96M
 Heap Max Capacity: 2G
 Pre-touch: Disabled
 Parallel Workers: 8
 Concurrent Workers: 2
 Concurrent Refinement Workers: 8
 Periodic GC: Disabled
Heap:
 garbage-first heap   total 306176K, used 171231K [0x0000000080000000, 0x0000000100000000)
  region size 1024K, 5 young (5120K), 5 survivors (5120K)
 Metaspace       used 166280K, committed 167296K, reserved 569344K
  class space    used 21791K, committed 22272K, reserved 421888K
GC Heap History (20 events):
Event: 117.466 GC heap after
{Heap after GC invocations=132 (full 0):
 garbage-first heap   total 306176K, used 144517K [0x0000000080000000, 0x0000000100000000)
  region size 1024K, 2 young (2048K), 2 survivors (2048K)
 Metaspace       used 162914K, committed 163904K, reserved 569344K
  class space    used 21446K, committed 21888K, reserved 421888K
}
Event: 118.276 GC heap before
{Heap before GC invocations=132 (full 0):
 garbage-first heap   total 306176K, used 273541K [0x0000000080000000, 0x0000000100000000)
  region size 1024K, 126 young (129024K), 2 survivors (2048K)
 Metaspace       used 162914K, committed 163904K, reserved 569344K
  class space    used 21446K, committed 21888K, reserved 421888K
}
Event: 118.282 GC heap after
{Heap after GC invocations=133 (full 0):
 garbage-first heap   total 306176K, used 147401K [0x0000000080000000, 0x0000000100000000)
  region size 1024K, 3 young (3072K), 3 survivors (3072K)
 Metaspace       used 162914K, committed 163904K, reserved 569344K
  class space    used 21446K, committed 21888K, reserved 421888K
}
Event: 119.728 GC heap before
{Heap before GC invocations=133 (full 0):
 garbage-first heap   total 306176K, used 272329K [0x0000000080000000, 0x0000000100000000)
  region size 1024K, 123 young (125952K), 3 survivors (3072K)
 Metaspace       used 162915K, committed 163904K, reserved 569344K
  class space    used 21446K, committed 21888K, reserved 421888K
}
Event: 119.732 GC heap after
{Heap after GC invocations=134 (full 0):
 garbage-first heap   total 306176K, used 147599K [0x0000000080000000, 0x0000000100000000)
  region size 1024K, 3 young (3072K), 3 survivors (3072K)
 Metaspace       used 162915K, committed 163904K, reserved 569344K
  class space    used 21446K, committed 21888K, reserved 421888K
}
Event: 124.622 GC heap before
{Heap before GC invocations=134 (full 0):
 garbage-first heap   total 306176K, used 277647K [0x0000000080000000, 0x0000000100000000)
  region size 1024K, 123 young (125952K), 3 survivors (3072K)
 Metaspace       used 165456K, committed 166400K, reserved 569344K
  class space    used 21773K, committed 22208K, reserved 421888K
}
Event: 124.661 GC heap after
{Heap after GC invocations=135 (full 0):
 garbage-first heap   total 306176K, used 162427K [0x0000000080000000, 0x0000000100000000)
  region size 1024K, 11 young (11264K), 11 survivors (11264K)
 Metaspace       used 165456K, committed 166400K, reserved 569344K
  class space    used 21773K, committed 22208K, reserved 421888K
}
Event: 130.846 GC heap before
{Heap before GC invocations=135 (full 0):
 garbage-first heap   total 306176K, used 262779K [0x0000000080000000, 0x0000000100000000)
  region size 1024K, 110 young (112640K), 11 survivors (11264K)
 Metaspace       used 166116K, committed 167104K, reserved 569344K
  class space    used 21790K, committed 22272K, reserved 421888K
}
Event: 131.288 GC heap after
{Heap after GC invocations=136 (full 0):
 garbage-first heap   total 306176K, used 164889K [0x0000000080000000, 0x0000000100000000)
  region size 1024K, 3 young (3072K), 3 survivors (3072K)
 Metaspace       used 166116K, committed 167104K, reserved 569344K
  class space    used 21790K, committed 22272K, reserved 421888K
}
Event: 145.855 GC heap before
{Heap before GC invocations=136 (full 0):
 garbage-first heap   total 306176K, used 265241K [0x0000000080000000, 0x0000000100000000)
  region size 1024K, 101 young (103424K), 3 survivors (3072K)
 Metaspace       used 166268K, committed 167296K, reserved 569344K
  class space    used 21791K, committed 22272K, reserved 421888K
}
Event: 145.866 GC heap after
{Heap after GC invocations=137 (full 0):
 garbage-first heap   total 306176K, used 167652K [0x0000000080000000, 0x0000000100000000)
  region size 1024K, 6 young (6144K), 6 survivors (6144K)
 Metaspace       used 166268K, committed 167296K, reserved 569344K
  class space    used 21791K, committed 22272K, reserved 421888K
}
Event: 150.695 GC heap before
{Heap before GC invocations=137 (full 0):
 garbage-first heap   total 306176K, used 268004K [0x0000000080000000, 0x0000000100000000)
  region size 1024K, 101 young (103424K), 6 survivors (6144K)
 Metaspace       used 166276K, committed 167296K, reserved 569344K
  class space    used 21791K, committed 22272K, reserved 421888K
}
Event: 150.701 GC heap after
{Heap after GC invocations=138 (full 0):
 garbage-first heap   total 306176K, used 170991K [0x0000000080000000, 0x0000000100000000)
  region size 1024K, 7 young (7168K), 7 survivors (7168K)
 Metaspace       used 166276K, committed 167296K, reserved 569344K
  class space    used 21791K, committed 22272K, reserved 421888K
}
Event: 150.905 GC heap before
{Heap before GC invocations=138 (full 0):
 garbage-first heap   total 306176K, used 263151K [0x0000000080000000, 0x0000000100000000)
  region size 1024K, 98 young (100352K), 7 survivors (7168K)
 Metaspace       used 166276K, committed 167296K, reserved 569344K
  class space    used 21791K, committed 22272K, reserved 421888K
}
Event: 150.911 GC heap after
{Heap after GC invocations=139 (full 0):
 garbage-first heap   total 306176K, used 171354K [0x0000000080000000, 0x0000000100000000)
  region size 1024K, 8 young (8192K), 8 survivors (8192K)
 Metaspace       used 166276K, committed 167296K, reserved 569344K
  class space    used 21791K, committed 22272K, reserved 421888K
}
Event: 151.056 GC heap before
{Heap before GC invocations=139 (full 0):
 garbage-first heap   total 306176K, used 263514K [0x0000000080000000, 0x0000000100000000)
  region size 1024K, 99 young (101376K), 8 survivors (8192K)
 Metaspace       used 166276K, committed 167296K, reserved 569344K
  class space    used 21791K, committed 22272K, reserved 421888K
}
Event: 151.124 GC heap after
{Heap after GC invocations=140 (full 0):
 garbage-first heap   total 306176K, used 171050K [0x0000000080000000, 0x0000000100000000)
  region size 1024K, 5 young (5120K), 5 survivors (5120K)
 Metaspace       used 166276K, committed 167296K, reserved 569344K
  class space    used 21791K, committed 22272K, reserved 421888K
}
Event: 151.326 GC heap before
{Heap before GC invocations=140 (full 0):
 garbage-first heap   total 306176K, used 266282K [0x0000000080000000, 0x0000000100000000)
  region size 1024K, 98 young (100352K), 5 survivors (5120K)
 Metaspace       used 166277K, committed 167296K, reserved 569344K
  class space    used 21791K, committed 22272K, reserved 421888K
}
Event: 151.332 GC heap after
{Heap after GC invocations=141 (full 0):
 garbage-first heap   total 306176K, used 171993K [0x0000000080000000, 0x0000000100000000)
  region size 1024K, 6 young (6144K), 6 survivors (6144K)
 Metaspace       used 166277K, committed 167296K, reserved 569344K
  class space    used 21791K, committed 22272K, reserved 421888K
}
Event: 151.520 GC heap before
{Heap before GC invocations=141 (full 0):
 garbage-first heap   total 306176K, used 266201K [0x0000000080000000, 0x0000000100000000)
  region size 1024K, 99 young (101376K), 6 survivors (6144K)
 Metaspace       used 166280K, committed 167296K, reserved 569344K
  class space    used 21791K, committed 22272K, reserved 421888K
}

