# JRE version: Java(TM) SE Runtime Environment (20.0.1+9) (build 20.0.1+9-29)
# Java VM: Java HotSpot(TM) 64-Bit Server VM (20.0.1+9-29, mixed mode, sharing, tiered, compressed oops, compressed class ptrs, g1 gc, windows-amd64)
GC Precious Log:
 CardTable entry size: 512
 Card Set container configuration: InlinePtr #cards 5 size 8 Array Of Cards #cards 12 size 40 Howl #buckets 4 coarsen threshold 1843 Howl Bitmap #cards 512 size 80 coarsen threshold 460 Card regions per heap region 1 cards per card region 2048
 CPUs: 8 total, 8 available
 Memory: 6021M
 Large Page Support: Disabled
 NUMA Support: Disabled
 Compressed Oops: Enabled (32-bit)
 Heap Region Size: 1M
 Heap Min Capacity: 8M
 Heap Initial Capacity: 96M
 Heap Max Capacity: 2G
 Pre-touch: Disabled
 Parallel Workers: 8
 Concurrent Workers: 2
 Concurrent Refinement Workers: 8
 Periodic GC: Disabled
Heap:
 garbage-first heap   total 140288K, used 93463K [0x0000000080000000, 0x0000000100000000)
  region size 1024K, 8 young (8192K), 5 survivors (5120K)
 Metaspace       used 100003K, committed 102080K, reserved 552960K
  class space    used 12922K, committed 13952K, reserved 421888K
GC Heap History (20 events):
Event: 48.297 GC heap before
{Heap before GC invocations=20 (full 0):
 garbage-first heap   total 107520K, used 95564K [0x0000000080000000, 0x0000000100000000)
  region size 1024K, 32 young (32768K), 3 survivors (3072K)
 Metaspace       used 71571K, committed 73408K, reserved 487424K
  class space    used 9601K, committed 10496K, reserved 421888K
}
Event: 48.302 GC heap after
{Heap after GC invocations=21 (full 0):
 garbage-first heap   total 107520K, used 67934K [0x0000000080000000, 0x0000000100000000)
  region size 1024K, 3 young (3072K), 3 survivors (3072K)
 Metaspace       used 71571K, committed 73408K, reserved 487424K
  class space    used 9601K, committed 10496K, reserved 421888K
}
Event: 48.972 GC heap before
{Heap before GC invocations=22 (full 0):
 garbage-first heap   total 119808K, used 96606K [0x0000000080000000, 0x0000000100000000)
  region size 1024K, 30 young (30720K), 3 survivors (3072K)
 Metaspace       used 74525K, committed 76416K, reserved 552960K
  class space    used 9986K, committed 10944K, reserved 421888K
}
Event: 48.977 GC heap after
{Heap after GC invocations=23 (full 0):
 garbage-first heap   total 119808K, used 71524K [0x0000000080000000, 0x0000000100000000)
  region size 1024K, 4 young (4096K), 4 survivors (4096K)
 Metaspace       used 74525K, committed 76416K, reserved 552960K
  class space    used 9986K, committed 10944K, reserved 421888K
}
Event: 49.546 GC heap before
{Heap before GC invocations=23 (full 0):
 garbage-first heap   total 119808K, used 106340K [0x0000000080000000, 0x0000000100000000)
  region size 1024K, 38 young (38912K), 4 survivors (4096K)
 Metaspace       used 76332K, committed 78208K, reserved 552960K
  class space    used 10178K, committed 11136K, reserved 421888K
}
Event: 49.552 GC heap after
{Heap after GC invocations=24 (full 0):
 garbage-first heap   total 119808K, used 72521K [0x0000000080000000, 0x0000000100000000)
  region size 1024K, 4 young (4096K), 4 survivors (4096K)
 Metaspace       used 76332K, committed 78208K, reserved 552960K
  class space    used 10178K, committed 11136K, reserved 421888K
}
Event: 50.921 GC heap before
{Heap before GC invocations=24 (full 0):
 garbage-first heap   total 119808K, used 107337K [0x0000000080000000, 0x0000000100000000)
  region size 1024K, 38 young (38912K), 4 survivors (4096K)
 Metaspace       used 78063K, committed 80000K, reserved 552960K
  class space    used 10360K, committed 11328K, reserved 421888K
}
Event: 50.926 GC heap after
{Heap after GC invocations=25 (full 0):
 garbage-first heap   total 119808K, used 75847K [0x0000000080000000, 0x0000000100000000)
  region size 1024K, 5 young (5120K), 5 survivors (5120K)
 Metaspace       used 78063K, committed 80000K, reserved 552960K
  class space    used 10360K, committed 11328K, reserved 421888K
}
Event: 51.753 GC heap before
{Heap before GC invocations=26 (full 0):
 garbage-first heap   total 133120K, used 106567K [0x0000000080000000, 0x0000000100000000)
  region size 1024K, 35 young (35840K), 5 survivors (5120K)
 Metaspace       used 81289K, committed 83136K, reserved 552960K
  class space    used 10713K, committed 11648K, reserved 421888K
}
Event: 51.759 GC heap after
{Heap after GC invocations=27 (full 0):
 garbage-first heap   total 133120K, used 79065K [0x0000000080000000, 0x0000000100000000)
  region size 1024K, 4 young (4096K), 4 survivors (4096K)
 Metaspace       used 81289K, committed 83136K, reserved 552960K
  class space    used 10713K, committed 11648K, reserved 421888K
}
Event: 53.674 GC heap before
{Heap before GC invocations=27 (full 0):
 garbage-first heap   total 133120K, used 119001K [0x0000000080000000, 0x0000000100000000)
  region size 1024K, 43 young (44032K), 4 survivors (4096K)
 Metaspace       used 87428K, committed 89344K, reserved 552960K
  class space    used 11383K, committed 12352K, reserved 421888K
}
Event: 53.679 GC heap after
{Heap after GC invocations=28 (full 0):
 garbage-first heap   total 133120K, used 79871K [0x0000000080000000, 0x0000000100000000)
  region size 1024K, 5 young (5120K), 5 survivors (5120K)
 Metaspace       used 87428K, committed 89344K, reserved 552960K
  class space    used 11383K, committed 12352K, reserved 421888K
}
Event: 55.002 GC heap before
{Heap before GC invocations=28 (full 0):
 garbage-first heap   total 133120K, used 119807K [0x0000000080000000, 0x0000000100000000)
  region size 1024K, 44 young (45056K), 5 survivors (5120K)
 Metaspace       used 94867K, committed 96768K, reserved 552960K
  class space    used 12167K, committed 13120K, reserved 421888K
}
Event: 55.006 GC heap after
{Heap after GC invocations=29 (full 0):
 garbage-first heap   total 133120K, used 81069K [0x0000000080000000, 0x0000000100000000)
  region size 1024K, 4 young (4096K), 4 survivors (4096K)
 Metaspace       used 94867K, committed 96768K, reserved 552960K
  class space    used 12167K, committed 13120K, reserved 421888K
}
Event: 56.181 GC heap before
{Heap before GC invocations=30 (full 0):
 garbage-first heap   total 140288K, used 119981K [0x0000000080000000, 0x0000000100000000)
  region size 1024K, 42 young (43008K), 4 survivors (4096K)
 Metaspace       used 97590K, committed 99520K, reserved 552960K
  class space    used 12582K, committed 13568K, reserved 421888K
}
Event: 56.188 GC heap after
{Heap after GC invocations=31 (full 0):
 garbage-first heap   total 140288K, used 84186K [0x0000000080000000, 0x0000000100000000)
  region size 1024K, 6 young (6144K), 6 survivors (6144K)
 Metaspace       used 97590K, committed 99520K, reserved 552960K
  class space    used 12582K, committed 13568K, reserved 421888K
}
Event: 56.478 GC heap before
{Heap before GC invocations=31 (full 0):
 garbage-first heap   total 140288K, used 126170K [0x0000000080000000, 0x0000000100000000)
  region size 1024K, 46 young (47104K), 6 survivors (6144K)
 Metaspace       used 97793K, committed 99776K, reserved 552960K
  class space    used 12585K, committed 13568K, reserved 421888K
}
Event: 56.486 GC heap after
{Heap after GC invocations=32 (full 0):
 garbage-first heap   total 140288K, used 87127K [0x0000000080000000, 0x0000000100000000)
  region size 1024K, 4 young (4096K), 4 survivors (4096K)
 Metaspace       used 97793K, committed 99776K, reserved 552960K
  class space    used 12585K, committed 13568K, reserved 421888K
}
Event: 57.278 GC heap before
{Heap before GC invocations=32 (full 0):
 garbage-first heap   total 140288K, used 127063K [0x0000000080000000, 0x0000000100000000)
  region size 1024K, 43 young (44032K), 4 survivors (4096K)
 Metaspace       used 99656K, committed 101696K, reserved 552960K
  class space    used 12856K, committed 13888K, reserved 421888K
}
Event: 57.284 GC heap after
{Heap after GC invocations=33 (full 0):
 garbage-first heap   total 140288K, used 91415K [0x0000000080000000, 0x0000000100000000)
  region size 1024K, 5 young (5120K), 5 survivors (5120K)
 Metaspace       used 99656K, committed 101696K, reserved 552960K
  class space    used 12856K, committed 13888K, reserved 421888K
}

