# JRE version: Java(TM) SE Runtime Environment (20.0.1+9) (build 20.0.1+9-29)
# Java VM: Java HotSpot(TM) 64-Bit Server VM (20.0.1+9-29, mixed mode, sharing, tiered, compressed oops, compressed class ptrs, g1 gc, windows-amd64)
GC Precious Log:
 CardTable entry size: 512
 Card Set container configuration: InlinePtr #cards 5 size 8 Array Of Cards #cards 12 size 40 Howl #buckets 4 coarsen threshold 1843 Howl Bitmap #cards 512 size 80 coarsen threshold 460 Card regions per heap region 1 cards per card region 2048
 CPUs: 8 total, 8 available
 Memory: 6021M
 Large Page Support: Disabled
 NUMA Support: Disabled
 Compressed Oops: Enabled (32-bit)
 Heap Region Size: 1M
 Heap Min Capacity: 8M
 Heap Initial Capacity: 96M
 Heap Max Capacity: 2G
 Pre-touch: Disabled
 Parallel Workers: 8
 Concurrent Workers: 2
 Concurrent Refinement Workers: 8
 Periodic GC: Disabled
Heap:
 garbage-first heap   total 467968K, used 250727K [0x0000000080000000, 0x0000000100000000)
  region size 1024K, 4 young (4096K), 4 survivors (4096K)
 Metaspace       used 132188K, committed 138560K, reserved 552960K
  class space    used 17547K, committed 19904K, reserved 421888K
GC Heap History (20 events):
Event: 481.063 GC heap after
{Heap after GC invocations=62 (full 0):
 garbage-first heap   total 396288K, used 219301K [0x0000000080000000, 0x0000000100000000)
  region size 1024K, 3 young (3072K), 3 survivors (3072K)
 Metaspace       used 136780K, committed 139456K, reserved 552960K
  class space    used 18614K, committed 19904K, reserved 421888K
}
Event: 2363.469 GC heap before
{Heap before GC invocations=63 (full 0):
 garbage-first heap   total 437248K, used 364709K [0x0000000080000000, 0x0000000100000000)
  region size 1024K, 138 young (141312K), 3 survivors (3072K)
 Metaspace       used 139006K, committed 141696K, reserved 552960K
  class space    used 18830K, committed 20096K, reserved 421888K
}
Event: 2363.761 GC heap after
{Heap after GC invocations=64 (full 0):
 garbage-first heap   total 437248K, used 224273K [0x0000000080000000, 0x0000000100000000)
  region size 1024K, 8 young (8192K), 8 survivors (8192K)
 Metaspace       used 139006K, committed 141696K, reserved 552960K
  class space    used 18830K, committed 20096K, reserved 421888K
}
Event: 3207.308 GC heap before
{Heap before GC invocations=64 (full 0):
 garbage-first heap   total 437248K, used 394257K [0x0000000080000000, 0x0000000100000000)
  region size 1024K, 174 young (178176K), 8 survivors (8192K)
 Metaspace       used 139363K, committed 141952K, reserved 552960K
  class space    used 18838K, committed 20096K, reserved 421888K
}
Event: 3207.386 GC heap after
{Heap after GC invocations=65 (full 0):
 garbage-first heap   total 437248K, used 218160K [0x0000000080000000, 0x0000000100000000)
  region size 1024K, 7 young (7168K), 7 survivors (7168K)
 Metaspace       used 139363K, committed 141952K, reserved 552960K
  class space    used 18838K, committed 20096K, reserved 421888K
}
Event: 3215.756 GC heap before
{Heap before GC invocations=65 (full 0):
 garbage-first heap   total 437248K, used 334896K [0x0000000080000000, 0x0000000100000000)
  region size 1024K, 121 young (123904K), 7 survivors (7168K)
 Metaspace       used 139626K, committed 142336K, reserved 552960K
  class space    used 18842K, committed 20160K, reserved 421888K
}
Event: 3215.790 GC heap after
{Heap after GC invocations=66 (full 0):
 garbage-first heap   total 437248K, used 239841K [0x0000000080000000, 0x0000000100000000)
  region size 1024K, 16 young (16384K), 16 survivors (16384K)
 Metaspace       used 139626K, committed 142336K, reserved 552960K
  class space    used 18842K, committed 20160K, reserved 421888K
}
Event: 3215.858 GC heap before
{Heap before GC invocations=66 (full 0):
 garbage-first heap   total 437248K, used 244961K [0x0000000080000000, 0x0000000100000000)
  region size 1024K, 21 young (21504K), 16 survivors (16384K)
 Metaspace       used 139650K, committed 142336K, reserved 552960K
  class space    used 18842K, committed 20160K, reserved 421888K
}
Event: 3215.897 GC heap after
{Heap after GC invocations=67 (full 0):
 garbage-first heap   total 437248K, used 244387K [0x0000000080000000, 0x0000000100000000)
  region size 1024K, 3 young (3072K), 3 survivors (3072K)
 Metaspace       used 139650K, committed 142336K, reserved 552960K
  class space    used 18842K, committed 20160K, reserved 421888K
}
Event: 3217.465 GC heap before
{Heap before GC invocations=68 (full 0):
 garbage-first heap   total 467968K, used 295587K [0x0000000080000000, 0x0000000100000000)
  region size 1024K, 53 young (54272K), 3 survivors (3072K)
 Metaspace       used 131634K, committed 138496K, reserved 552960K
  class space    used 17521K, committed 19904K, reserved 421888K
}
Event: 3217.499 GC heap after
{Heap after GC invocations=69 (full 0):
 garbage-first heap   total 467968K, used 251609K [0x0000000080000000, 0x0000000100000000)
  region size 1024K, 7 young (7168K), 7 survivors (7168K)
 Metaspace       used 131634K, committed 138496K, reserved 552960K
  class space    used 17521K, committed 19904K, reserved 421888K
}
Event: 5268.233 GC heap before
{Heap before GC invocations=69 (full 0):
 garbage-first heap   total 467968K, used 413401K [0x0000000080000000, 0x0000000100000000)
  region size 1024K, 166 young (169984K), 7 survivors (7168K)
 Metaspace       used 132053K, committed 138560K, reserved 552960K
  class space    used 17542K, committed 19904K, reserved 421888K
}
Event: 5269.242 GC heap after
{Heap after GC invocations=70 (full 0):
 garbage-first heap   total 467968K, used 247368K [0x0000000080000000, 0x0000000100000000)
  region size 1024K, 21 young (21504K), 21 survivors (21504K)
 Metaspace       used 132053K, committed 138560K, reserved 552960K
  class space    used 17542K, committed 19904K, reserved 421888K
}
Event: 5269.286 GC heap before
{Heap before GC invocations=70 (full 0):
 garbage-first heap   total 467968K, used 248392K [0x0000000080000000, 0x0000000100000000)
  region size 1024K, 22 young (22528K), 21 survivors (21504K)
 Metaspace       used 132059K, committed 138560K, reserved 552960K
  class space    used 17542K, committed 19904K, reserved 421888K
}
Event: 5269.475 GC heap after
{Heap after GC invocations=71 (full 0):
 garbage-first heap   total 467968K, used 245559K [0x0000000080000000, 0x0000000100000000)
  region size 1024K, 3 young (3072K), 3 survivors (3072K)
 Metaspace       used 132059K, committed 138560K, reserved 552960K
  class space    used 17542K, committed 19904K, reserved 421888K
}
Event: 5271.500 GC heap before
{Heap before GC invocations=71 (full 0):
 garbage-first heap   total 467968K, used 265015K [0x0000000080000000, 0x0000000100000000)
  region size 1024K, 22 young (22528K), 3 survivors (3072K)
 Metaspace       used 132075K, committed 138560K, reserved 552960K
  class space    used 17543K, committed 19904K, reserved 421888K
}
Event: 5271.575 GC heap after
{Heap after GC invocations=72 (full 0):
 garbage-first heap   total 467968K, used 244703K [0x0000000080000000, 0x0000000100000000)
  region size 1024K, 3 young (3072K), 3 survivors (3072K)
 Metaspace       used 132075K, committed 138560K, reserved 552960K
  class space    used 17543K, committed 19904K, reserved 421888K
}
Event: 5272.891 GC heap before
{Heap before GC invocations=72 (full 0):
 garbage-first heap   total 467968K, used 263135K [0x0000000080000000, 0x0000000100000000)
  region size 1024K, 22 young (22528K), 3 survivors (3072K)
 Metaspace       used 132101K, committed 138560K, reserved 552960K
  class space    used 17543K, committed 19904K, reserved 421888K
}
Event: 5272.948 GC heap after
{Heap after GC invocations=73 (full 0):
 garbage-first heap   total 467968K, used 245185K [0x0000000080000000, 0x0000000100000000)
  region size 1024K, 3 young (3072K), 3 survivors (3072K)
 Metaspace       used 132101K, committed 138560K, reserved 552960K
  class space    used 17543K, committed 19904K, reserved 421888K
}
Event: 5275.331 GC heap before
{Heap before GC invocations=73 (full 0):
 garbage-first heap   total 467968K, used 271809K [0x0000000080000000, 0x0000000100000000)
  region size 1024K, 29 young (29696K), 3 survivors (3072K)
 Metaspace       used 132188K, committed 138560K, reserved 552960K
  class space    used 17547K, committed 19904K, reserved 421888K
}

