# JRE version: Java(TM) SE Runtime Environment (20.0.1+9) (build 20.0.1+9-29)
# Java VM: Java HotSpot(TM) 64-Bit Server VM (20.0.1+9-29, mixed mode, sharing, tiered, compressed oops, compressed class ptrs, g1 gc, windows-amd64)
GC Precious Log:
 CardTable entry size: 512
 Card Set container configuration: InlinePtr #cards 5 size 8 Array Of Cards #cards 12 size 40 Howl #buckets 4 coarsen threshold 1843 Howl Bitmap #cards 512 size 80 coarsen threshold 460 Card regions per heap region 1 cards per card region 2048
 CPUs: 8 total, 8 available
 Memory: 6021M
 Large Page Support: Disabled
 NUMA Support: Disabled
 Compressed Oops: Enabled (32-bit)
 Heap Region Size: 1M
 Heap Min Capacity: 8M
 Heap Initial Capacity: 96M
 Heap Max Capacity: 2G
 Pre-touch: Disabled
 Parallel Workers: 8
 Concurrent Workers: 2
 Concurrent Refinement Workers: 8
 Periodic GC: Disabled
Heap:
 garbage-first heap   total 137216K, used 94980K [0x0000000080000000, 0x0000000100000000)
  region size 1024K, 20 young (20480K), 3 survivors (3072K)
 Metaspace       used 77062K, committed 79168K, reserved 552960K
  class space    used 10591K, committed 11648K, reserved 421888K
GC Heap History (20 events):
Event: 32.298 GC heap before
{Heap before GC invocations=15 (full 0):
 garbage-first heap   total 87040K, used 77595K [0x0000000080000000, 0x0000000100000000)
  region size 1024K, 29 young (29696K), 2 survivors (2048K)
 Metaspace       used 56652K, committed 58496K, reserved 487424K
  class space    used 7975K, committed 8832K, reserved 421888K
}
Event: 32.303 GC heap after
{Heap after GC invocations=16 (full 0):
 garbage-first heap   total 87040K, used 51788K [0x0000000080000000, 0x0000000100000000)
  region size 1024K, 4 young (4096K), 4 survivors (4096K)
 Metaspace       used 56652K, committed 58496K, reserved 487424K
  class space    used 7975K, committed 8832K, reserved 421888K
}
Event: 33.009 GC heap before
{Heap before GC invocations=16 (full 0):
 garbage-first heap   total 87040K, used 76364K [0x0000000080000000, 0x0000000100000000)
  region size 1024K, 29 young (29696K), 4 survivors (4096K)
 Metaspace       used 58970K, committed 60864K, reserved 487424K
  class space    used 8261K, committed 9152K, reserved 421888K
}
Event: 33.016 GC heap after
{Heap after GC invocations=17 (full 0):
 garbage-first heap   total 87040K, used 53340K [0x0000000080000000, 0x0000000100000000)
  region size 1024K, 4 young (4096K), 4 survivors (4096K)
 Metaspace       used 58970K, committed 60864K, reserved 487424K
  class space    used 8261K, committed 9152K, reserved 421888K
}
Event: 33.561 GC heap before
{Heap before GC invocations=17 (full 0):
 garbage-first heap   total 87040K, used 76892K [0x0000000080000000, 0x0000000100000000)
  region size 1024K, 27 young (27648K), 4 survivors (4096K)
 Metaspace       used 60697K, committed 62592K, reserved 487424K
  class space    used 8538K, committed 9472K, reserved 421888K
}
Event: 33.569 GC heap after
{Heap after GC invocations=18 (full 0):
 garbage-first heap   total 104448K, used 55181K [0x0000000080000000, 0x0000000100000000)
  region size 1024K, 4 young (4096K), 4 survivors (4096K)
 Metaspace       used 60697K, committed 62592K, reserved 487424K
  class space    used 8538K, committed 9472K, reserved 421888K
}
Event: 35.219 GC heap before
{Heap before GC invocations=19 (full 0):
 garbage-first heap   total 104448K, used 91021K [0x0000000080000000, 0x0000000100000000)
  region size 1024K, 40 young (40960K), 4 survivors (4096K)
 Metaspace       used 63408K, committed 65344K, reserved 487424K
  class space    used 8959K, committed 9920K, reserved 421888K
}
Event: 35.229 GC heap after
{Heap after GC invocations=20 (full 0):
 garbage-first heap   total 104448K, used 58780K [0x0000000080000000, 0x0000000100000000)
  region size 1024K, 5 young (5120K), 5 survivors (5120K)
 Metaspace       used 63408K, committed 65344K, reserved 487424K
  class space    used 8959K, committed 9920K, reserved 421888K
}
Event: 36.284 GC heap before
{Heap before GC invocations=20 (full 0):
 garbage-first heap   total 104448K, used 91548K [0x0000000080000000, 0x0000000100000000)
  region size 1024K, 38 young (38912K), 5 survivors (5120K)
 Metaspace       used 65958K, committed 67904K, reserved 487424K
  class space    used 9258K, committed 10176K, reserved 421888K
}
Event: 36.294 GC heap after
{Heap after GC invocations=21 (full 0):
 garbage-first heap   total 104448K, used 62371K [0x0000000080000000, 0x0000000100000000)
  region size 1024K, 4 young (4096K), 4 survivors (4096K)
 Metaspace       used 65958K, committed 67904K, reserved 487424K
  class space    used 9258K, committed 10176K, reserved 421888K
}
Event: 36.489 GC heap before
{Heap before GC invocations=21 (full 0):
 garbage-first heap   total 104448K, used 66467K [0x0000000080000000, 0x0000000100000000)
  region size 1024K, 9 young (9216K), 4 survivors (4096K)
 Metaspace       used 65984K, committed 67968K, reserved 487424K
  class space    used 9260K, committed 10240K, reserved 421888K
}
Event: 36.494 GC heap after
{Heap after GC invocations=22 (full 0):
 garbage-first heap   total 104448K, used 62822K [0x0000000080000000, 0x0000000100000000)
  region size 1024K, 1 young (1024K), 1 survivors (1024K)
 Metaspace       used 65984K, committed 67968K, reserved 487424K
  class space    used 9260K, committed 10240K, reserved 421888K
}
Event: 37.578 GC heap before
{Heap before GC invocations=23 (full 0):
 garbage-first heap   total 111616K, used 96614K [0x0000000080000000, 0x0000000100000000)
  region size 1024K, 33 young (33792K), 1 survivors (1024K)
 Metaspace       used 70133K, committed 72128K, reserved 487424K
  class space    used 9720K, committed 10688K, reserved 421888K
}
Event: 37.582 GC heap after
{Heap after GC invocations=24 (full 0):
 garbage-first heap   total 111616K, used 68520K [0x0000000080000000, 0x0000000100000000)
  region size 1024K, 5 young (5120K), 5 survivors (5120K)
 Metaspace       used 70133K, committed 72128K, reserved 487424K
  class space    used 9720K, committed 10688K, reserved 421888K
}
Event: 38.379 GC heap before
{Heap before GC invocations=24 (full 0):
 garbage-first heap   total 111616K, used 106408K [0x0000000080000000, 0x0000000100000000)
  region size 1024K, 35 young (35840K), 5 survivors (5120K)
 Metaspace       used 72837K, committed 74880K, reserved 487424K
  class space    used 10044K, committed 11008K, reserved 421888K
}
Event: 38.388 GC heap after
{Heap after GC invocations=25 (full 0):
 garbage-first heap   total 118784K, used 74110K [0x0000000080000000, 0x0000000100000000)
  region size 1024K, 5 young (5120K), 5 survivors (5120K)
 Metaspace       used 72837K, committed 74880K, reserved 487424K
  class space    used 10044K, committed 11008K, reserved 421888K
}
Event: 39.157 GC heap before
{Heap before GC invocations=25 (full 0):
 garbage-first heap   total 118784K, used 101758K [0x0000000080000000, 0x0000000100000000)
  region size 1024K, 34 young (34816K), 5 survivors (5120K)
 Metaspace       used 75726K, committed 77696K, reserved 552960K
  class space    used 10381K, committed 11328K, reserved 421888K
}
Event: 39.164 GC heap after
{Heap after GC invocations=26 (full 0):
 garbage-first heap   total 118784K, used 76555K [0x0000000080000000, 0x0000000100000000)
  region size 1024K, 3 young (3072K), 3 survivors (3072K)
 Metaspace       used 75726K, committed 77696K, reserved 552960K
  class space    used 10381K, committed 11328K, reserved 421888K
}
Event: 40.114 GC heap before
{Heap before GC invocations=27 (full 0):
 garbage-first heap   total 137216K, used 107275K [0x0000000080000000, 0x0000000100000000)
  region size 1024K, 32 young (32768K), 3 survivors (3072K)
 Metaspace       used 76865K, committed 78848K, reserved 552960K
  class space    used 10573K, committed 11520K, reserved 421888K
}
Event: 40.119 GC heap after
{Heap after GC invocations=28 (full 0):
 garbage-first heap   total 137216K, used 78596K [0x0000000080000000, 0x0000000100000000)
  region size 1024K, 3 young (3072K), 3 survivors (3072K)
 Metaspace       used 76865K, committed 78848K, reserved 552960K
  class space    used 10573K, committed 11520K, reserved 421888K
}

