# JRE version: Java(TM) SE Runtime Environment (20.0.1+9) (build 20.0.1+9-29)
# Java VM: Java HotSpot(TM) 64-Bit Server VM (20.0.1+9-29, mixed mode, sharing, tiered, compressed oops, compressed class ptrs, g1 gc, windows-amd64)
GC Precious Log:
 CardTable entry size: 512
 Card Set container configuration: InlinePtr #cards 5 size 8 Array Of Cards #cards 12 size 40 Howl #buckets 4 coarsen threshold 1843 Howl Bitmap #cards 512 size 80 coarsen threshold 460 Card regions per heap region 1 cards per card region 2048
 CPUs: 8 total, 8 available
 Memory: 6021M
 Large Page Support: Disabled
 NUMA Support: Disabled
 Compressed Oops: Enabled (32-bit)
 Heap Region Size: 1M
 Heap Min Capacity: 8M
 Heap Initial Capacity: 96M
 Heap Max Capacity: 2G
 Pre-touch: Disabled
 Parallel Workers: 8
 Concurrent Workers: 2
 Concurrent Refinement Workers: 8
 Periodic GC: Disabled
Heap:
 garbage-first heap   total 350208K, used 223386K [0x0000000080000000, 0x0000000100000000)
  region size 1024K, 48 young (49152K), 2 survivors (2048K)
 Metaspace       used 106351K, committed 108736K, reserved 552960K
  class space    used 14429K, committed 15616K, reserved 421888K
GC Heap History (20 events):
Event: 115.007 GC heap before
{Heap before GC invocations=45 (full 0):
 garbage-first heap   total 220160K, used 188829K [0x0000000080000000, 0x0000000100000000)
  region size 1024K, 54 young (55296K), 7 survivors (7168K)
 Metaspace       used 98365K, committed 100672K, reserved 552960K
  class space    used 13533K, committed 14656K, reserved 421888K
}
Event: 115.039 GC heap after
{Heap after GC invocations=46 (full 0):
 garbage-first heap   total 220160K, used 146753K [0x0000000080000000, 0x0000000100000000)
  region size 1024K, 5 young (5120K), 5 survivors (5120K)
 Metaspace       used 98365K, committed 100672K, reserved 552960K
  class space    used 13533K, committed 14656K, reserved 421888K
}
Event: 131.386 GC heap before
{Heap before GC invocations=47 (full 0):
 garbage-first heap   total 252928K, used 193857K [0x0000000080000000, 0x0000000100000000)
  region size 1024K, 52 young (53248K), 5 survivors (5120K)
 Metaspace       used 98594K, committed 100864K, reserved 552960K
  class space    used 13533K, committed 14656K, reserved 421888K
}
Event: 131.445 GC heap after
{Heap after GC invocations=48 (full 0):
 garbage-first heap   total 252928K, used 154317K [0x0000000080000000, 0x0000000100000000)
  region size 1024K, 7 young (7168K), 7 survivors (7168K)
 Metaspace       used 98594K, committed 100864K, reserved 552960K
  class space    used 13533K, committed 14656K, reserved 421888K
}
Event: 135.372 GC heap before
{Heap before GC invocations=48 (full 0):
 garbage-first heap   total 252928K, used 218829K [0x0000000080000000, 0x0000000100000000)
  region size 1024K, 70 young (71680K), 7 survivors (7168K)
 Metaspace       used 102775K, committed 105088K, reserved 552960K
  class space    used 14092K, committed 15232K, reserved 421888K
}
Event: 135.444 GC heap after
{Heap after GC invocations=49 (full 0):
 garbage-first heap   total 252928K, used 161250K [0x0000000080000000, 0x0000000100000000)
  region size 1024K, 9 young (9216K), 9 survivors (9216K)
 Metaspace       used 102775K, committed 105088K, reserved 552960K
  class space    used 14092K, committed 15232K, reserved 421888K
}
Event: 139.284 GC heap before
{Heap before GC invocations=49 (full 0):
 garbage-first heap   total 252928K, used 223714K [0x0000000080000000, 0x0000000100000000)
  region size 1024K, 70 young (71680K), 9 survivors (9216K)
 Metaspace       used 103364K, committed 105728K, reserved 552960K
  class space    used 14137K, committed 15296K, reserved 421888K
}
Event: 139.307 GC heap after
{Heap after GC invocations=50 (full 0):
 garbage-first heap   total 252928K, used 173036K [0x0000000080000000, 0x0000000100000000)
  region size 1024K, 9 young (9216K), 9 survivors (9216K)
 Metaspace       used 103364K, committed 105728K, reserved 552960K
  class space    used 14137K, committed 15296K, reserved 421888K
}
Event: 169.193 GC heap before
{Heap before GC invocations=51 (full 0):
 garbage-first heap   total 302080K, used 225260K [0x0000000080000000, 0x0000000100000000)
  region size 1024K, 61 young (62464K), 9 survivors (9216K)
 Metaspace       used 103851K, committed 106176K, reserved 552960K
  class space    used 14191K, committed 15360K, reserved 421888K
}
Event: 169.242 GC heap after
{Heap after GC invocations=52 (full 0):
 garbage-first heap   total 302080K, used 178301K [0x0000000080000000, 0x0000000100000000)
  region size 1024K, 5 young (5120K), 5 survivors (5120K)
 Metaspace       used 103851K, committed 106176K, reserved 552960K
  class space    used 14191K, committed 15360K, reserved 421888K
}
Event: 202.949 GC heap before
{Heap before GC invocations=52 (full 0):
 garbage-first heap   total 302080K, used 265341K [0x0000000080000000, 0x0000000100000000)
  region size 1024K, 91 young (93184K), 5 survivors (5120K)
 Metaspace       used 104486K, committed 106880K, reserved 552960K
  class space    used 14246K, committed 15424K, reserved 421888K
}
Event: 203.061 GC heap after
{Heap after GC invocations=53 (full 0):
 garbage-first heap   total 302080K, used 165793K [0x0000000080000000, 0x0000000100000000)
  region size 1024K, 10 young (10240K), 10 survivors (10240K)
 Metaspace       used 104486K, committed 106880K, reserved 552960K
  class space    used 14246K, committed 15424K, reserved 421888K
}
Event: 204.032 GC heap before
{Heap before GC invocations=53 (full 0):
 garbage-first heap   total 302080K, used 207777K [0x0000000080000000, 0x0000000100000000)
  region size 1024K, 53 young (54272K), 10 survivors (10240K)
 Metaspace       used 104508K, committed 106880K, reserved 552960K
  class space    used 14246K, committed 15424K, reserved 421888K
}
Event: 204.066 GC heap after
{Heap after GC invocations=54 (full 0):
 garbage-first heap   total 302080K, used 169059K [0x0000000080000000, 0x0000000100000000)
  region size 1024K, 10 young (10240K), 10 survivors (10240K)
 Metaspace       used 104508K, committed 106880K, reserved 552960K
  class space    used 14246K, committed 15424K, reserved 421888K
}
Event: 214.799 GC heap before
{Heap before GC invocations=55 (full 0):
 garbage-first heap   total 319488K, used 297059K [0x0000000080000000, 0x0000000100000000)
  region size 1024K, 112 young (114688K), 10 survivors (10240K)
 Metaspace       used 104832K, committed 107136K, reserved 552960K
  class space    used 14269K, committed 15424K, reserved 421888K
}
Event: 214.864 GC heap after
{Heap after GC invocations=56 (full 0):
 garbage-first heap   total 319488K, used 170052K [0x0000000080000000, 0x0000000100000000)
  region size 1024K, 7 young (7168K), 7 survivors (7168K)
 Metaspace       used 104832K, committed 107136K, reserved 552960K
  class space    used 14269K, committed 15424K, reserved 421888K
}
Event: 230.302 GC heap before
{Heap before GC invocations=56 (full 0):
 garbage-first heap   total 319488K, used 301124K [0x0000000080000000, 0x0000000100000000)
  region size 1024K, 128 young (131072K), 7 survivors (7168K)
 Metaspace       used 106210K, committed 108608K, reserved 552960K
  class space    used 14416K, committed 15616K, reserved 421888K
}
Event: 230.518 GC heap after
{Heap after GC invocations=57 (full 0):
 garbage-first heap   total 321536K, used 173178K [0x0000000080000000, 0x0000000100000000)
  region size 1024K, 15 young (15360K), 15 survivors (15360K)
 Metaspace       used 106210K, committed 108608K, reserved 552960K
  class space    used 14416K, committed 15616K, reserved 421888K
}
Event: 230.733 GC heap before
{Heap before GC invocations=57 (full 0):
 garbage-first heap   total 321536K, used 176250K [0x0000000080000000, 0x0000000100000000)
  region size 1024K, 19 young (19456K), 15 survivors (15360K)
 Metaspace       used 106211K, committed 108608K, reserved 552960K
  class space    used 14416K, committed 15616K, reserved 421888K
}
Event: 230.793 GC heap after
{Heap after GC invocations=58 (full 0):
 garbage-first heap   total 321536K, used 174234K [0x0000000080000000, 0x0000000100000000)
  region size 1024K, 2 young (2048K), 2 survivors (2048K)
 Metaspace       used 106211K, committed 108608K, reserved 552960K
  class space    used 14416K, committed 15616K, reserved 421888K
}

