# JRE version: Java(TM) SE Runtime Environment (20.0.1+9) (build 20.0.1+9-29)
# Java VM: Java HotSpot(TM) 64-Bit Server VM (20.0.1+9-29, mixed mode, sharing, tiered, compressed oops, compressed class ptrs, g1 gc, windows-amd64)
GC Precious Log:
 CardTable entry size: 512
 Card Set container configuration: InlinePtr #cards 5 size 8 Array Of Cards #cards 12 size 40 Howl #buckets 4 coarsen threshold 1843 Howl Bitmap #cards 512 size 80 coarsen threshold 460 Card regions per heap region 1 cards per card region 2048
 CPUs: 8 total, 8 available
 Memory: 6021M
 Large Page Support: Disabled
 NUMA Support: Disabled
 Compressed Oops: Enabled (32-bit)
 Heap Region Size: 1M
 Heap Min Capacity: 8M
 Heap Initial Capacity: 96M
 Heap Max Capacity: 2G
 Pre-touch: Disabled
 Parallel Workers: 8
 Concurrent Workers: 2
 Concurrent Refinement Workers: 8
 Periodic GC: Disabled
Heap:
 garbage-first heap   total 290816K, used 213855K [0x0000000080000000, 0x0000000100000000)
  region size 1024K, 44 young (45056K), 5 survivors (5120K)
 Metaspace       used 104559K, committed 107008K, reserved 552960K
  class space    used 14288K, committed 15488K, reserved 421888K
GC Heap History (20 events):
Event: 148.329 GC heap before
{Heap before GC invocations=31 (full 0):
 garbage-first heap   total 160768K, used 147272K [0x0000000080000000, 0x0000000100000000)
  region size 1024K, 54 young (55296K), 8 survivors (8192K)
 Metaspace       used 87661K, committed 90048K, reserved 552960K
  class space    used 12209K, committed 13376K, reserved 421888K
}
Event: 148.344 GC heap after
{Heap after GC invocations=32 (full 0):
 garbage-first heap   total 165888K, used 109026K [0x0000000080000000, 0x0000000100000000)
  region size 1024K, 7 young (7168K), 7 survivors (7168K)
 Metaspace       used 87661K, committed 90048K, reserved 552960K
  class space    used 12209K, committed 13376K, reserved 421888K
}
Event: 150.312 GC heap before
{Heap before GC invocations=32 (full 0):
 garbage-first heap   total 165888K, used 152034K [0x0000000080000000, 0x0000000100000000)
  region size 1024K, 45 young (46080K), 7 survivors (7168K)
 Metaspace       used 88565K, committed 90880K, reserved 552960K
  class space    used 12299K, committed 13440K, reserved 421888K
}
Event: 150.323 GC heap after
{Heap after GC invocations=33 (full 0):
 garbage-first heap   total 171008K, used 121856K [0x0000000080000000, 0x0000000100000000)
  region size 1024K, 6 young (6144K), 6 survivors (6144K)
 Metaspace       used 88565K, committed 90880K, reserved 552960K
  class space    used 12299K, committed 13440K, reserved 421888K
}
Event: 151.120 GC heap before
{Heap before GC invocations=33 (full 0):
 garbage-first heap   total 171008K, used 153600K [0x0000000080000000, 0x0000000100000000)
  region size 1024K, 37 young (37888K), 6 survivors (6144K)
 Metaspace       used 90791K, committed 93120K, reserved 552960K
  class space    used 12563K, committed 13696K, reserved 421888K
}
Event: 151.129 GC heap after
{Heap after GC invocations=34 (full 0):
 garbage-first heap   total 171008K, used 128529K [0x0000000080000000, 0x0000000100000000)
  region size 1024K, 5 young (5120K), 5 survivors (5120K)
 Metaspace       used 90791K, committed 93120K, reserved 552960K
  class space    used 12563K, committed 13696K, reserved 421888K
}
Event: 151.613 GC heap before
{Heap before GC invocations=35 (full 0):
 garbage-first heap   total 225280K, used 153105K [0x0000000080000000, 0x0000000100000000)
  region size 1024K, 30 young (30720K), 5 survivors (5120K)
 Metaspace       used 92106K, committed 94336K, reserved 552960K
  class space    used 12784K, committed 13888K, reserved 421888K
}
Event: 151.620 GC heap after
{Heap after GC invocations=36 (full 0):
 garbage-first heap   total 225280K, used 130548K [0x0000000080000000, 0x0000000100000000)
  region size 1024K, 2 young (2048K), 2 survivors (2048K)
 Metaspace       used 92106K, committed 94336K, reserved 552960K
  class space    used 12784K, committed 13888K, reserved 421888K
}
Event: 153.005 GC heap before
{Heap before GC invocations=36 (full 0):
 garbage-first heap   total 225280K, used 189940K [0x0000000080000000, 0x0000000100000000)
  region size 1024K, 60 young (61440K), 2 survivors (2048K)
 Metaspace       used 95996K, committed 98304K, reserved 552960K
  class space    used 13288K, committed 14400K, reserved 421888K
}
Event: 153.015 GC heap after
{Heap after GC invocations=37 (full 0):
 garbage-first heap   total 225280K, used 132903K [0x0000000080000000, 0x0000000100000000)
  region size 1024K, 6 young (6144K), 6 survivors (6144K)
 Metaspace       used 95996K, committed 98304K, reserved 552960K
  class space    used 13288K, committed 14400K, reserved 421888K
}
Event: 170.069 GC heap before
{Heap before GC invocations=37 (full 0):
 garbage-first heap   total 225280K, used 195367K [0x0000000080000000, 0x0000000100000000)
  region size 1024K, 67 young (68608K), 6 survivors (6144K)
 Metaspace       used 98596K, committed 100992K, reserved 552960K
  class space    used 13614K, committed 14784K, reserved 421888K
}
Event: 170.099 GC heap after
{Heap after GC invocations=38 (full 0):
 garbage-first heap   total 225280K, used 142466K [0x0000000080000000, 0x0000000100000000)
  region size 1024K, 9 young (9216K), 9 survivors (9216K)
 Metaspace       used 98596K, committed 100992K, reserved 552960K
  class space    used 13614K, committed 14784K, reserved 421888K
}
Event: 180.920 GC heap before
{Heap before GC invocations=39 (full 0):
 garbage-first heap   total 249856K, used 196738K [0x0000000080000000, 0x0000000100000000)
  region size 1024K, 63 young (64512K), 9 survivors (9216K)
 Metaspace       used 98925K, committed 101312K, reserved 552960K
  class space    used 13617K, committed 14784K, reserved 421888K
}
Event: 180.947 GC heap after
{Heap after GC invocations=40 (full 0):
 garbage-first heap   total 249856K, used 152034K [0x0000000080000000, 0x0000000100000000)
  region size 1024K, 8 young (8192K), 8 survivors (8192K)
 Metaspace       used 98925K, committed 101312K, reserved 552960K
  class space    used 13617K, committed 14784K, reserved 421888K
}
Event: 184.758 GC heap before
{Heap before GC invocations=40 (full 0):
 garbage-first heap   total 249856K, used 218594K [0x0000000080000000, 0x0000000100000000)
  region size 1024K, 74 young (75776K), 8 survivors (8192K)
 Metaspace       used 101302K, committed 103616K, reserved 552960K
  class space    used 13970K, committed 15104K, reserved 421888K
}
Event: 184.790 GC heap after
{Heap after GC invocations=41 (full 0):
 garbage-first heap   total 249856K, used 160168K [0x0000000080000000, 0x0000000100000000)
  region size 1024K, 10 young (10240K), 10 survivors (10240K)
 Metaspace       used 101302K, committed 103616K, reserved 552960K
  class space    used 13970K, committed 15104K, reserved 421888K
}
Event: 187.408 GC heap before
{Heap before GC invocations=41 (full 0):
 garbage-first heap   total 249856K, used 220584K [0x0000000080000000, 0x0000000100000000)
  region size 1024K, 69 young (70656K), 10 survivors (10240K)
 Metaspace       used 103647K, committed 106048K, reserved 552960K
  class space    used 14206K, committed 15360K, reserved 421888K
}
Event: 187.432 GC heap after
{Heap after GC invocations=42 (full 0):
 garbage-first heap   total 249856K, used 170441K [0x0000000080000000, 0x0000000100000000)
  region size 1024K, 9 young (9216K), 9 survivors (9216K)
 Metaspace       used 103647K, committed 106048K, reserved 552960K
  class space    used 14206K, committed 15360K, reserved 421888K
}
Event: 215.435 GC heap before
{Heap before GC invocations=43 (full 0):
 garbage-first heap   total 290816K, used 221641K [0x0000000080000000, 0x0000000100000000)
  region size 1024K, 60 young (61440K), 9 survivors (9216K)
 Metaspace       used 104309K, committed 106624K, reserved 552960K
  class space    used 14270K, committed 15424K, reserved 421888K
}
Event: 215.825 GC heap after
{Heap after GC invocations=44 (full 0):
 garbage-first heap   total 290816K, used 175967K [0x0000000080000000, 0x0000000100000000)
  region size 1024K, 5 young (5120K), 5 survivors (5120K)
 Metaspace       used 104309K, committed 106624K, reserved 552960K
  class space    used 14270K, committed 15424K, reserved 421888K
}

